2015-12-20 22:59:57 Workerman[index.php] -c 
2015-12-20 22:59:57 Workerman[index.php] not run
2015-12-20 23:00:19 Workerman[index.php] -c 
2015-12-20 23:00:19 Workerman[index.php] not run
2015-12-20 23:00:27 Workerman[index.php] -c 
2015-12-20 23:00:27 Workerman[index.php] not run
2015-12-20 23:00:38 Workerman[index.php] -c 
2015-12-20 23:00:38 Workerman[index.php] not run
2015-12-20 23:00:43 Workerman[index.php] -c 
2015-12-20 23:00:43 Workerman[index.php] not run
2015-12-20 23:02:02 Workerman[index.php] -c 
2015-12-20 23:02:02 Workerman[index.php] not run
2015-12-20 23:02:42 Workerman[index.php] -c 
2015-12-20 23:02:42 Workerman[index.php] not run
2015-12-21 07:55:11 Workerman[index.php] -c 
2015-12-21 07:55:11 Workerman[index.php] not run
2015-12-21 07:55:30 Workerman[index.php] -c 
2015-12-21 07:55:30 Workerman[index.php] not run
2015-12-21 07:55:53 Workerman[index.php] -c 
2015-12-21 07:55:53 Workerman[index.php] not run
2015-12-21 07:56:05 Workerman[index.php] -c 
2015-12-21 07:56:05 Workerman[index.php] not run
2015-12-21 07:56:20 Workerman[index.php] -c 
2015-12-21 07:56:20 Workerman[index.php] not run
2015-12-21 07:59:20 Workerman[index.php] -c 
2015-12-21 07:59:20 Workerman[index.php] not run
2015-12-21 07:59:31 Workerman[index.php] -c 
2015-12-21 07:59:31 Workerman[index.php] not run
2015-12-21 07:59:41 Workerman[index.php] -c 
2015-12-21 07:59:41 Workerman[index.php] not run
2015-12-21 08:07:16 Workerman[index.php] -c 
2015-12-21 08:07:16 Workerman[index.php] not run
2015-12-21 08:07:29 Workerman[index.php] -c 
2015-12-21 08:07:29 Workerman[index.php] not run
2015-12-21 08:07:33 Workerman[index.php] -c 
2015-12-21 08:07:33 Workerman[index.php] not run
2015-12-21 08:07:41 Workerman[index.php] -c 
2015-12-21 08:07:41 Workerman[index.php] not run
2015-12-21 08:07:49 Workerman[index.php] -c 
2015-12-21 08:07:49 Workerman[index.php] not run
2015-12-21 08:09:12 Workerman[index.php] -c 
2015-12-21 08:09:12 Workerman[index.php] not run
2015-12-21 08:09:17 Workerman[index.php] -c 
2015-12-21 08:09:17 Workerman[index.php] not run
2015-12-21 08:09:29 Workerman[index.php] -c 
2015-12-21 08:09:29 Workerman[index.php] not run
2015-12-21 08:10:31 Workerman[index.php] -c 
2015-12-21 08:10:31 Workerman[index.php] not run
2015-12-21 08:11:11 Workerman[index.php] -c 
2015-12-21 08:11:11 Workerman[index.php] not run
2015-12-21 08:11:15 Workerman[index.php] -c 
2015-12-21 08:11:15 Workerman[index.php] not run
2015-12-21 08:11:43 Workerman[index.php] -c 
2015-12-21 08:11:43 Workerman[index.php] not run
2015-12-21 08:12:11 Workerman[index.php] -c 
2015-12-21 08:12:11 Workerman[index.php] not run
2015-12-21 08:12:43 Workerman[index.php] -c 
2015-12-21 08:12:43 Workerman[index.php] not run
2015-12-21 08:12:50 Workerman[index.php] -c 
2015-12-21 08:12:50 Workerman[index.php] not run
2015-12-21 08:12:58 Workerman[index.php] -c 
2015-12-21 08:12:58 Workerman[index.php] not run
2015-12-21 08:16:45 Workerman[index.php] -c 
2015-12-21 08:16:45 Workerman[index.php] not run
2015-12-21 08:16:49 Workerman[index.php] -c 
2015-12-21 08:16:49 Workerman[index.php] not run
2015-12-21 08:18:33 Workerman[index.php] -c 
2015-12-21 08:18:33 Workerman[index.php] not run
2015-12-21 08:20:05 Workerman[index.php] -c 
2015-12-21 08:20:05 Workerman[index.php] not run
2015-12-21 08:20:21 Workerman[index.php] -c 
2015-12-21 08:20:21 Workerman[index.php] not run
2015-12-21 08:20:35 Workerman[index.php] -c 
2015-12-21 08:20:35 Workerman[index.php] not run
2015-12-22 11:08:08 Workerman[test.php] start in DEBUG mode
2015-12-22 11:08:13 Workerman[test.php] Stopping ...
2015-12-22 11:08:13 Workerman[test.php] has been stopped
2015-12-22 11:08:17 Workerman[test.php] start in DEBUG mode
2015-12-22 11:08:52 Workerman[test.php] Stopping ...
2015-12-22 11:08:52 Workerman[test.php] has been stopped
2015-12-22 11:09:25 Workerman[test.php] stop 
2015-12-22 11:09:25 Workerman[test.php] not run
2015-12-22 11:09:25 Workerman[test.php] is stoping ...
2015-12-22 11:09:25 Workerman[test.php] stop success
2015-12-22 11:10:13 Workerman[test.php] start in DEBUG mode
2015-12-22 11:10:33 WORKER EXIT UNEXPECTED E_RECOVERABLE_ERROR Argument 2 passed to Workerman\Protocols\Websocket::input() must be an instance of Workerman\Connection\ConnectionInterface, instance of TcpConnection given, called in /home/lisonglin/www/php/LdFrameWork/core/lib/class/Connection/TcpConnection.php on line 392 and defined in /home/lisonglin/www/php/LdFrameWork/core/lib/class/Protocols/Websocket.php on line 45
2015-12-22 11:10:33 worker[none:28044] exit with status 65280
2015-12-22 11:11:17 Workerman[test.php] Stopping ...
2015-12-22 11:11:17 Workerman[test.php] has been stopped
2015-12-22 11:11:21 Workerman[test.php] stop 
2015-12-22 11:11:21 Workerman[test.php] not run
2015-12-22 11:11:21 Workerman[test.php] is stoping ...
2015-12-22 11:11:21 Workerman[test.php] stop success
2015-12-22 11:25:22 Workerman[test.php] stop 
2015-12-22 11:25:22 Workerman[test.php] not run
2015-12-22 11:25:22 Workerman[test.php] is stoping ...
2015-12-22 11:25:22 Workerman[test.php] stop success
2015-12-22 11:25:41 Workerman[test.php] stop 
2015-12-22 11:25:41 Workerman[test.php] not run
2015-12-22 11:25:41 Workerman[test.php] is stoping ...
2015-12-22 11:25:41 Workerman[test.php] stop success
2015-12-22 11:25:44 Workerman[test.php] stop 
2015-12-22 11:25:44 Workerman[test.php] not run
2015-12-22 11:25:44 Workerman[test.php] is stoping ...
2015-12-22 11:25:44 Workerman[test.php] stop success
2015-12-22 11:25:48 Workerman[test.php] start in DEBUG mode
2015-12-22 11:26:33 WORKER EXIT UNEXPECTED E_RECOVERABLE_ERROR Argument 2 passed to Workerman\Protocols\Http::input() must be an instance of Workerman\Connection\TcpConnection, instance of TcpConnection given, called in /home/lisonglin/www/php/LdFrameWork/core/lib/class/Connection/TcpConnection.php on line 392 and defined in /home/lisonglin/www/php/LdFrameWork/core/lib/class/Protocols/Http.php on line 29
2015-12-22 11:26:33 WORKER EXIT UNEXPECTED E_RECOVERABLE_ERROR Argument 2 passed to Workerman\Protocols\Http::input() must be an instance of Workerman\Connection\TcpConnection, instance of TcpConnection given, called in /home/lisonglin/www/php/LdFrameWork/core/lib/class/Connection/TcpConnection.php on line 392 and defined in /home/lisonglin/www/php/LdFrameWork/core/lib/class/Protocols/Http.php on line 29
2015-12-22 11:26:33 worker[none:32695] exit with status 65280
2015-12-22 11:26:33 worker[none:32696] exit with status 65280
2015-12-22 11:26:33 WORKER EXIT UNEXPECTED E_RECOVERABLE_ERROR Argument 2 passed to Workerman\Protocols\Http::input() must be an instance of Workerman\Connection\TcpConnection, instance of TcpConnection given, called in /home/lisonglin/www/php/LdFrameWork/core/lib/class/Connection/TcpConnection.php on line 392 and defined in /home/lisonglin/www/php/LdFrameWork/core/lib/class/Protocols/Http.php on line 29
2015-12-22 11:26:33 worker[none:32698] exit with status 65280
2015-12-22 11:26:36 WORKER EXIT UNEXPECTED E_RECOVERABLE_ERROR Argument 2 passed to Workerman\Protocols\Http::input() must be an instance of Workerman\Connection\TcpConnection, instance of TcpConnection given, called in /home/lisonglin/www/php/LdFrameWork/core/lib/class/Connection/TcpConnection.php on line 392 and defined in /home/lisonglin/www/php/LdFrameWork/core/lib/class/Protocols/Http.php on line 29
2015-12-22 11:26:36 worker[none:465] exit with status 65280
2015-12-22 11:26:41 WORKER EXIT UNEXPECTED E_RECOVERABLE_ERROR Argument 2 passed to Workerman\Protocols\Http::input() must be an instance of Workerman\Connection\TcpConnection, instance of TcpConnection given, called in /home/lisonglin/www/php/LdFrameWork/core/lib/class/Connection/TcpConnection.php on line 392 and defined in /home/lisonglin/www/php/LdFrameWork/core/lib/class/Protocols/Http.php on line 29
2015-12-22 11:26:41 WORKER EXIT UNEXPECTED E_RECOVERABLE_ERROR Argument 2 passed to Workerman\Protocols\Http::input() must be an instance of Workerman\Connection\TcpConnection, instance of TcpConnection given, called in /home/lisonglin/www/php/LdFrameWork/core/lib/class/Connection/TcpConnection.php on line 392 and defined in /home/lisonglin/www/php/LdFrameWork/core/lib/class/Protocols/Http.php on line 29
2015-12-22 11:26:42 worker[none:32697] exit with status 65280
2015-12-22 11:26:42 worker[none:466] exit with status 65280
2015-12-22 11:27:17 WORKER EXIT UNEXPECTED E_RECOVERABLE_ERROR Argument 2 passed to Workerman\Protocols\Http::input() must be an instance of Workerman\Connection\TcpConnection, instance of TcpConnection given, called in /home/lisonglin/www/php/LdFrameWork/core/lib/class/Connection/TcpConnection.php on line 392 and defined in /home/lisonglin/www/php/LdFrameWork/core/lib/class/Protocols/Http.php on line 29
2015-12-22 11:27:17 worker[none:469] exit with status 65280
2015-12-22 11:27:17 WORKER EXIT UNEXPECTED E_RECOVERABLE_ERROR Argument 2 passed to Workerman\Protocols\Http::input() must be an instance of Workerman\Connection\TcpConnection, instance of TcpConnection given, called in /home/lisonglin/www/php/LdFrameWork/core/lib/class/Connection/TcpConnection.php on line 392 and defined in /home/lisonglin/www/php/LdFrameWork/core/lib/class/Protocols/Http.php on line 29
2015-12-22 11:27:17 worker[none:513] exit with status 65280
2015-12-22 11:28:26 Workerman[test.php] Stopping ...
2015-12-22 11:28:26 Workerman[test.php] has been stopped
2015-12-22 11:28:31 Workerman[test.php] stop 
2015-12-22 11:28:31 Workerman[test.php] not run
2015-12-22 11:28:31 Workerman[test.php] is stoping ...
2015-12-22 11:28:31 Workerman[test.php] stop success
2015-12-22 11:28:47 Workerman[test.php] start in DEBUG mode
2015-12-22 11:28:58 WORKER EXIT UNEXPECTED E_RECOVERABLE_ERROR Argument 2 passed to Workerman\Protocols\Http::input() must be an instance of Workerman\Connection\TcpConnection, instance of TcpConnection given, called in /home/lisonglin/www/php/LdFrameWork/core/lib/class/Connection/TcpConnection.php on line 392 and defined in /home/lisonglin/www/php/LdFrameWork/core/lib/class/Protocols/Http.php on line 29
2015-12-22 11:28:58 WORKER EXIT UNEXPECTED E_RECOVERABLE_ERROR Argument 2 passed to Workerman\Protocols\Http::input() must be an instance of Workerman\Connection\TcpConnection, instance of TcpConnection given, called in /home/lisonglin/www/php/LdFrameWork/core/lib/class/Connection/TcpConnection.php on line 392 and defined in /home/lisonglin/www/php/LdFrameWork/core/lib/class/Protocols/Http.php on line 29
2015-12-22 11:28:58 WORKER EXIT UNEXPECTED E_RECOVERABLE_ERROR Argument 2 passed to Workerman\Protocols\Http::input() must be an instance of Workerman\Connection\TcpConnection, instance of TcpConnection given, called in /home/lisonglin/www/php/LdFrameWork/core/lib/class/Connection/TcpConnection.php on line 392 and defined in /home/lisonglin/www/php/LdFrameWork/core/lib/class/Protocols/Http.php on line 29
2015-12-22 11:28:58 worker[none:1222] exit with status 65280
2015-12-22 11:28:58 worker[none:1224] exit with status 65280
2015-12-22 11:28:58 worker[none:1221] exit with status 65280
2015-12-22 11:29:29 WORKER EXIT UNEXPECTED E_RECOVERABLE_ERROR Argument 2 passed to Workerman\Protocols\Http::input() must be an instance of Workerman\Connection\TcpConnection, instance of TcpConnection given, called in /home/lisonglin/www/php/LdFrameWork/core/lib/class/Connection/TcpConnection.php on line 392 and defined in /home/lisonglin/www/php/LdFrameWork/core/lib/class/Protocols/Http.php on line 29
2015-12-22 11:29:29 worker[none:1223] exit with status 65280
2015-12-22 11:30:29 WORKER EXIT UNEXPECTED E_RECOVERABLE_ERROR Argument 2 passed to Workerman\Protocols\Http::input() must be an instance of Workerman\Connection\TcpConnection, instance of TcpConnection given, called in /home/lisonglin/www/php/LdFrameWork/core/lib/class/Connection/TcpConnection.php on line 392 and defined in /home/lisonglin/www/php/LdFrameWork/core/lib/class/Protocols/Http.php on line 29
2015-12-22 11:30:29 worker[none:1293] exit with status 65280
2015-12-22 11:33:25 Workerman[test.php] Stopping ...
2015-12-22 11:33:25 Workerman[test.php] has been stopped
2015-12-22 11:36:10 Workerman[test.php] stop 
2015-12-22 11:36:10 Workerman[test.php] not run
2015-12-22 11:36:10 Workerman[test.php] is stoping ...
2015-12-22 11:36:10 Workerman[test.php] stop success
2015-12-22 11:36:13 Workerman[test.php] start in DEBUG mode
2015-12-22 11:36:19 WORKER EXIT UNEXPECTED E_RECOVERABLE_ERROR Argument 2 passed to Workerman\Protocols\Http::input() must be an instance of Workerman\Connection\TcpConnection, instance of TcpConnection given, called in /home/lisonglin/www/php/LdFrameWork/core/lib/class/Connection/TcpConnection.php on line 386 and defined in /home/lisonglin/www/php/LdFrameWork/core/lib/class/Protocols/Http.php on line 29
2015-12-22 11:36:19 worker[none:3383] exit with status 65280
2015-12-22 11:36:19 WORKER EXIT UNEXPECTED E_RECOVERABLE_ERROR Argument 2 passed to Workerman\Protocols\Http::input() must be an instance of Workerman\Connection\TcpConnection, instance of TcpConnection given, called in /home/lisonglin/www/php/LdFrameWork/core/lib/class/Connection/TcpConnection.php on line 386 and defined in /home/lisonglin/www/php/LdFrameWork/core/lib/class/Protocols/Http.php on line 29
2015-12-22 11:36:19 WORKER EXIT UNEXPECTED E_RECOVERABLE_ERROR Argument 2 passed to Workerman\Protocols\Http::input() must be an instance of Workerman\Connection\TcpConnection, instance of TcpConnection given, called in /home/lisonglin/www/php/LdFrameWork/core/lib/class/Connection/TcpConnection.php on line 386 and defined in /home/lisonglin/www/php/LdFrameWork/core/lib/class/Protocols/Http.php on line 29
2015-12-22 11:36:19 worker[none:3384] exit with status 65280
2015-12-22 11:36:19 worker[none:3421] exit with status 65280
2015-12-22 11:37:15 Workerman[test.php] Stopping ...
2015-12-22 11:37:15 Workerman[test.php] has been stopped
2015-12-22 11:37:21 Workerman[test.php] start in DEBUG mode
2015-12-22 11:38:30 Workerman[test.php] start in DEBUG mode
2015-12-22 11:38:37 WORKER EXIT UNEXPECTED E_RECOVERABLE_ERROR Argument 2 passed to Workerman\Protocols\Http::input() must be an instance of Workerman\Connection\TcpConnection, instance of TcpConnection given, called in /home/lisonglin/www/php/LdFrameWork/core/lib/class/Connection/TcpConnection.php on line 386 and defined in /home/lisonglin/www/php/LdFrameWork/core/lib/class/Protocols/Http.php on line 29
2015-12-22 11:38:37 worker[none:4164] exit with status 65280
2015-12-22 11:38:42 WORKER EXIT UNEXPECTED E_RECOVERABLE_ERROR Argument 2 passed to Workerman\Protocols\Http::input() must be an instance of Workerman\Connection\TcpConnection, instance of TcpConnection given, called in /home/lisonglin/www/php/LdFrameWork/core/lib/class/Connection/TcpConnection.php on line 386 and defined in /home/lisonglin/www/php/LdFrameWork/core/lib/class/Protocols/Http.php on line 29
2015-12-22 11:38:42 WORKER EXIT UNEXPECTED E_RECOVERABLE_ERROR Argument 2 passed to Workerman\Protocols\Http::input() must be an instance of Workerman\Connection\TcpConnection, instance of TcpConnection given, called in /home/lisonglin/www/php/LdFrameWork/core/lib/class/Connection/TcpConnection.php on line 386 and defined in /home/lisonglin/www/php/LdFrameWork/core/lib/class/Protocols/Http.php on line 29
2015-12-22 11:38:43 worker[none:4167] exit with status 65280
2015-12-22 11:38:43 worker[none:4165] exit with status 65280
2015-12-22 11:38:49 WORKER EXIT UNEXPECTED E_RECOVERABLE_ERROR Argument 2 passed to Workerman\Protocols\Http::input() must be an instance of Workerman\Connection\TcpConnection, instance of TcpConnection given, called in /home/lisonglin/www/php/LdFrameWork/core/lib/class/Connection/TcpConnection.php on line 386 and defined in /home/lisonglin/www/php/LdFrameWork/core/lib/class/Protocols/Http.php on line 29
2015-12-22 11:38:49 worker[none:4233] exit with status 65280
2015-12-22 11:38:49 WORKER EXIT UNEXPECTED E_RECOVERABLE_ERROR Argument 2 passed to Workerman\Protocols\Http::input() must be an instance of Workerman\Connection\TcpConnection, instance of TcpConnection given, called in /home/lisonglin/www/php/LdFrameWork/core/lib/class/Connection/TcpConnection.php on line 386 and defined in /home/lisonglin/www/php/LdFrameWork/core/lib/class/Protocols/Http.php on line 29
2015-12-22 11:38:49 worker[none:4166] exit with status 65280
2015-12-22 11:38:56 Workerman[test.php] Stopping ...
2015-12-22 11:38:56 Workerman[test.php] has been stopped
2015-12-22 11:41:23 Workerman[test.php] start in DEBUG mode
2015-12-22 11:42:34 WORKER EXIT UNEXPECTED E_RECOVERABLE_ERROR Argument 2 passed to Workerman\Protocols\Websocket::input() must be an instance of Workerman\Connection\ConnectionInterface, instance of TcpConnection given, called in /home/lisonglin/www/php/LdFrameWork/core/lib/class/Connection/TcpConnection.php on line 386 and defined in /home/lisonglin/www/php/LdFrameWork/core/lib/class/Protocols/Websocket.php on line 45
2015-12-22 11:42:34 worker[none:5055] exit with status 65280
2015-12-22 11:49:28 Workerman[test.php] Stopping ...
2015-12-22 11:49:28 Workerman[test.php] has been stopped
2015-12-22 11:49:32 Workerman[test.php] stop 
2015-12-22 11:49:32 Workerman[test.php] not run
2015-12-22 11:49:32 Workerman[test.php] is stoping ...
2015-12-22 11:49:32 Workerman[test.php] stop success
2015-12-22 11:49:35 Workerman[test.php] start in DEBUG mode
2015-12-22 11:50:08 WORKER EXIT UNEXPECTED E_ERROR Class name must be a valid object or a string in /home/lisonglin/www/php/LdFrameWork/core/lib/class/Connection/TcpConnection.php on line 386
2015-12-22 11:50:09 worker[none:7404] exit with status 65280
2015-12-22 11:50:46 Workerman[test.php] Stopping ...
2015-12-22 11:50:46 Workerman[test.php] has been stopped
2015-12-22 11:50:49 Workerman[test.php] stop 
2015-12-22 11:50:49 Workerman[test.php] not run
2015-12-22 11:50:49 Workerman[test.php] is stoping ...
2015-12-22 11:50:49 Workerman[test.php] stop success
2015-12-22 11:50:51 Workerman[test.php] start in DEBUG mode
2015-12-22 11:51:00 WORKER EXIT UNEXPECTED E_ERROR Class 'Websocket' not found in /home/lisonglin/www/php/LdFrameWork/core/lib/class/Connection/TcpConnection.php on line 386
2015-12-22 11:51:00 worker[none:7782] exit with status 65280
2015-12-22 11:52:50 WORKER EXIT UNEXPECTED E_ERROR Class 'Websocket' not found in /home/lisonglin/www/php/LdFrameWork/core/lib/class/Connection/TcpConnection.php on line 386
2015-12-22 11:52:50 worker[none:7783] exit with status 65280
2015-12-22 11:53:19 Workerman[test.php] Stopping ...
2015-12-22 11:53:19 Workerman[test.php] has been stopped
2015-12-22 11:53:25 Workerman[test.php] start in DEBUG mode
2015-12-22 11:53:28 WORKER EXIT UNEXPECTED E_ERROR Class 'Websocket' not found in /home/lisonglin/www/php/LdFrameWork/core/lib/class/Connection/TcpConnection.php on line 386
2015-12-22 11:53:28 worker[none:8555] exit with status 65280
2015-12-22 11:54:16 Workerman[test.php] Stopping ...
2015-12-22 11:54:16 Workerman[test.php] has been stopped
2015-12-22 11:54:18 Workerman[test.php] start in DEBUG mode
2015-12-22 11:54:27 Workerman[test.php] Stopping ...
2015-12-22 11:54:27 Workerman[test.php] has been stopped
2015-12-22 11:54:30 Workerman[test.php] stop 
2015-12-22 11:54:30 Workerman[test.php] not run
2015-12-22 11:54:30 Workerman[test.php] is stoping ...
2015-12-22 11:54:30 Workerman[test.php] stop success
2015-12-22 11:54:32 Workerman[test.php] start in DEBUG mode
2015-12-22 11:55:01 WORKER EXIT UNEXPECTED E_ERROR Class 'Workerman\Connection\Websocket' not found in /home/lisonglin/www/php/LdFrameWork/core/lib/class/Connection/TcpConnection.php on line 386
2015-12-22 11:55:01 worker[none:8902] exit with status 65280
2015-12-22 11:55:37 WORKER EXIT UNEXPECTED E_ERROR Class 'Workerman\Connection\Websocket' not found in /home/lisonglin/www/php/LdFrameWork/core/lib/class/Connection/TcpConnection.php on line 386
2015-12-22 11:55:37 worker[none:8905] exit with status 65280
2015-12-22 11:56:01 WORKER EXIT UNEXPECTED E_ERROR Class 'Workerman\Connection\Websocket' not found in /home/lisonglin/www/php/LdFrameWork/core/lib/class/Connection/TcpConnection.php on line 386
2015-12-22 11:56:01 worker[none:9053] exit with status 65280
2015-12-22 11:56:40 Workerman[test.php] Stopping ...
2015-12-22 11:56:40 Workerman[test.php] has been stopped
2015-12-22 11:56:44 Workerman[test.php] start in DEBUG mode
2015-12-22 11:56:57 WORKER EXIT UNEXPECTED E_RECOVERABLE_ERROR Argument 2 passed to Workerman\Protocols\Websocket::input() must be an instance of Workerman\Connection\ConnectionInterface, instance of TcpConnection given, called in /home/lisonglin/www/php/LdFrameWork/core/lib/class/Connection/TcpConnection.php on line 386 and defined in /home/lisonglin/www/php/LdFrameWork/core/lib/class/Protocols/Websocket.php on line 45
2015-12-22 11:56:57 worker[none:9561] exit with status 65280
2015-12-22 12:01:21 Workerman[test.php] Stopping ...
2015-12-22 12:01:21 Workerman[test.php] has been stopped
2015-12-22 12:01:25 Workerman[test.php] stop 
2015-12-22 12:01:25 Workerman[test.php] not run
2015-12-22 12:01:25 Workerman[test.php] is stoping ...
2015-12-22 12:01:25 Workerman[test.php] stop success
2015-12-22 12:01:27 Workerman[test.php] start in DEBUG mode
2015-12-22 12:01:29 Workerman[test.php] start in DEBUG mode
2015-12-22 12:01:33 Workerman[test.php] start in DEBUG mode
2015-12-22 12:03:48 Workerman[test.php] start in DEBUG mode
2015-12-22 12:03:50 Workerman[test.php] Stopping ...
2015-12-22 12:03:50 Workerman[test.php] has been stopped
2015-12-22 12:03:53 Workerman[test.php] start in DEBUG mode
2015-12-22 12:05:18 Workerman[test.php] Stopping ...
2015-12-22 12:05:18 Workerman[test.php] has been stopped
